<?xml version="1.0" encoding="UTF-8"?>
<testng-results skipped="0" failed="0" total="0" passed="0">
  <reporter-output>
  </reporter-output>
  <suite name="FirstPack.First_Maven_proj.AppTest" duration-ms="3" started-at="2017-09-14T10:35:29Z" finished-at="2017-09-14T10:35:29Z">
    <groups>
    </groups>
    <test name="Command line test" duration-ms="3" started-at="2017-09-14T10:35:29Z" finished-at="2017-09-14T10:35:29Z">
    </test> <!-- Command line test -->
  </suite> <!-- FirstPack.First_Maven_proj.AppTest -->
</testng-results>
